<?xml version="1.0" encoding="UTF-8"?>
<!-- Generated by org.testng.reporters.JUnitReportReporter -->
<testsuite hostname="LIN-FKMLBK3" failures="0" tests="1" name="JobsRunner.TestRunner" time="38.294" errors="0" timestamp="2024-04-18T10:17:07 IST" skipped="0">
  <testcase classname="JobsRunner.TestRunner" name="runScenario" time="38.294"/>
</testsuite> <!-- JobsRunner.TestRunner -->
